2014-08-08 00:02:18 INFO Creating tables
2014-08-08 00:02:18 INFO Creating default Users group.
2014-08-08 00:02:18 INFO Creating default Administrators group.
2014-08-08 00:05:23 INFO Creating tables
2014-08-08 00:05:23 INFO Creating default Users group.
2014-08-08 00:05:23 INFO Creating default Administrators group.
2014-08-08 02:45:08 WARN User 2 attempted unauthorized operation edit_todo
2014-08-08 02:52:38 WARN User 1 attempted unauthorized operation edit_todo
2014-08-08 03:55:12 WARN User 1 attempted unauthorized operation view_todo
2014-08-08 04:48:13 INFO Creating tables
2014-08-08 04:48:13 INFO Creating default Users group.
2014-08-08 04:48:13 INFO Creating default Administrators group.
2014-08-08 05:00:13 INFO Creating tables
2014-08-08 05:00:14 INFO Creating default Users group.
2014-08-08 05:00:14 INFO Creating default Editor group.
2014-08-08 05:00:14 INFO Creating default Administrators group.
2014-08-08 05:04:49 INFO Creating tables
2014-08-08 05:04:49 INFO Creating default Users group.
2014-08-08 05:04:49 INFO Creating default Editor group.
2014-08-08 05:04:49 INFO Creating default Administrators group.
2014-08-08 05:14:04 INFO Creating tables
2014-08-08 05:14:04 INFO Creating default Users group.
2014-08-08 05:14:04 INFO Creating default Editor group.
2014-08-08 05:14:04 INFO Creating default Administrators group.
2014-08-08 07:10:56 WARN User 4 attempted unauthorized operation question_edit
2014-08-08 07:14:44 WARN User 1 attempted unauthorized operation question_edit
2014-08-08 07:18:36 WARN User 1 attempted unauthorized operation question_edit
2014-08-08 07:23:18 WARN User 4 attempted unauthorized operation question_edit
2014-08-08 07:26:07 WARN User 0 attempted unauthorized operation question_edit
2014-08-08 07:43:09 INFO Creating tables
2014-08-08 07:43:09 INFO Creating default Users group.
2014-08-08 07:43:09 INFO Creating default Editor group.
2014-08-08 07:43:09 INFO Creating default Administrators group.
2014-08-08 07:49:02 INFO Creating tables
2014-08-08 07:49:02 INFO Creating default Users group.
2014-08-08 07:49:02 INFO Creating default Editor group.
2014-08-08 07:49:02 INFO Creating default Administrators group.
2014-08-08 22:20:45 WARN User 0 attempted unauthorized operation question_edit
2014-08-08 22:25:54 WARN User 4 attempted unauthorized operation question_edit
2014-08-08 22:58:18 WARN User 1 attempted unauthorized operation edit_user
2014-08-08 22:59:44 WARN User 0 attempted unauthorized operation edit_user
2014-08-08 23:08:00 WARN User 1 attempted unauthorized operation question_edit
2014-08-09 06:22:34 WARN User 1 attempted unauthorized operation question_edit
2014-08-29 18:19:30 WARN User 0 attempted unauthorized operation question_edit
